[16:40:37] [Server thread/INFO]: Loading properties
[16:40:37] [Server thread/INFO]: Default game type: SURVIVAL
[16:40:38] [Server thread/INFO]: This server is running CraftBukkit version git-Spigot-dcd1643-e60fc34 (MC: 1.12.2) (Implementing API version 1.12.2-R0.1-SNAPSHOT)
[16:40:38] [Server thread/INFO]: Debug logging is disabled
[16:40:38] [Server thread/INFO]: Server Ping Player Sample Count: 12
[16:40:38] [Server thread/INFO]: Using 4 threads for Netty based IO
[16:40:38] [Server thread/INFO]: Generating keypair
[16:40:39] [Server thread/INFO]: Starting Minecraft server on *:25565
[16:40:39] [Server thread/INFO]: Using default channel type
[16:40:46] [Server thread/INFO]: Set PluginClassLoader as parallel capable
[16:40:46] [Server thread/ERROR]: Could not load 'plugins\eventplugin.jar' in folder 'plugins'
org.bukkit.plugin.InvalidPluginException: Cannot find main class `de.lenni.eventsystem.Eventsystem'
	at org.bukkit.plugin.java.PluginClassLoader.<init>(PluginClassLoader.java:80) ~[spigot.jar:git-Spigot-dcd1643-e60fc34]
	at org.bukkit.plugin.java.JavaPluginLoader.loadPlugin(JavaPluginLoader.java:129) ~[spigot.jar:git-Spigot-dcd1643-e60fc34]
	at org.bukkit.plugin.SimplePluginManager.loadPlugin(SimplePluginManager.java:327) ~[spigot.jar:git-Spigot-dcd1643-e60fc34]
	at org.bukkit.plugin.SimplePluginManager.loadPlugins(SimplePluginManager.java:248) [spigot.jar:git-Spigot-dcd1643-e60fc34]
	at org.bukkit.craftbukkit.v1_12_R1.CraftServer.loadPlugins(CraftServer.java:305) [spigot.jar:git-Spigot-dcd1643-e60fc34]
	at net.minecraft.server.v1_12_R1.DedicatedServer.init(DedicatedServer.java:205) [spigot.jar:git-Spigot-dcd1643-e60fc34]
	at net.minecraft.server.v1_12_R1.MinecraftServer.run(MinecraftServer.java:545) [spigot.jar:git-Spigot-dcd1643-e60fc34]
	at java.lang.Thread.run(Thread.java:748) [?:1.8.0_282]
Caused by: java.lang.ClassNotFoundException: de.lenni.eventsystem.Eventsystem
	at java.net.URLClassLoader.findClass(URLClassLoader.java:382) ~[?:1.8.0_282]
	at org.bukkit.plugin.java.PluginClassLoader.findClass(PluginClassLoader.java:152) ~[spigot.jar:git-Spigot-dcd1643-e60fc34]
	at org.bukkit.plugin.java.PluginClassLoader.findClass(PluginClassLoader.java:100) ~[spigot.jar:git-Spigot-dcd1643-e60fc34]
	at java.lang.ClassLoader.loadClass(ClassLoader.java:418) ~[?:1.8.0_282]
	at java.lang.ClassLoader.loadClass(ClassLoader.java:351) ~[?:1.8.0_282]
	at java.lang.Class.forName0(Native Method) ~[?:1.8.0_282]
	at java.lang.Class.forName(Class.java:348) ~[?:1.8.0_282]
	at org.bukkit.plugin.java.PluginClassLoader.<init>(PluginClassLoader.java:78) ~[spigot.jar:git-Spigot-dcd1643-e60fc34]
	... 7 more
[16:40:46] [Server thread/INFO]: **** Beginning UUID conversion, this may take A LONG time ****
[16:40:46] [Server thread/INFO]: Preparing level "world"
[16:40:46] [Server thread/INFO]: -------- World Settings For [world] --------
[16:40:46] [Server thread/INFO]: Item Despawn Rate: 6000
[16:40:46] [Server thread/INFO]: Item Merge Radius: 2.5
[16:40:46] [Server thread/INFO]: Arrow Despawn Rate: 1200
[16:40:46] [Server thread/INFO]: Allow Zombie Pigmen to spawn from portal blocks: true
[16:40:46] [Server thread/INFO]: Nerfing mobs spawned from spawners: false
[16:40:46] [Server thread/INFO]: Experience Merge Radius: 3.0
[16:40:46] [Server thread/INFO]: Entity Activation Range: An 32 / Mo 32 / Mi 16 / Tiv true
[16:40:46] [Server thread/INFO]: Entity Tracking Range: Pl 48 / An 48 / Mo 48 / Mi 32 / Other 64
[16:40:46] [Server thread/INFO]: Hopper Transfer: 8 Hopper Check: 1 Hopper Amount: 1
[16:40:46] [Server thread/INFO]: Random Lighting Updates: false
[16:40:46] [Server thread/INFO]: Structure Info Saving: true
[16:40:46] [Server thread/INFO]: Mob Spawn Range: 4
[16:40:46] [Server thread/INFO]: Cactus Growth Modifier: 100%
[16:40:46] [Server thread/INFO]: Cane Growth Modifier: 100%
[16:40:46] [Server thread/INFO]: Melon Growth Modifier: 100%
[16:40:46] [Server thread/INFO]: Mushroom Growth Modifier: 100%
[16:40:46] [Server thread/INFO]: Pumpkin Growth Modifier: 100%
[16:40:46] [Server thread/INFO]: Sapling Growth Modifier: 100%
[16:40:46] [Server thread/INFO]: Wheat Growth Modifier: 100%
[16:40:46] [Server thread/INFO]: NetherWart Growth Modifier: 100%
[16:40:46] [Server thread/INFO]: Vine Growth Modifier: 100%
[16:40:46] [Server thread/INFO]: Cocoa Growth Modifier: 100%
[16:40:46] [Server thread/INFO]: Tile Max Tick Time: 50ms Entity max Tick Time: 50ms
[16:40:47] [Server thread/INFO]: Max TNT Explosions: 100
[16:40:47] [Server thread/INFO]: View Distance: 10
[16:40:47] [Server thread/INFO]: Zombie Aggressive Towards Villager: true
[16:40:47] [Server thread/INFO]: Custom Map Seeds:  Village: 10387312 Feature: 14357617 Monument: 10387313 Slime: 987234911
[16:40:51] [Server thread/INFO]: -------- World Settings For [world_nether] --------
[16:40:51] [Server thread/INFO]: Item Despawn Rate: 6000
[16:40:51] [Server thread/INFO]: Item Merge Radius: 2.5
[16:40:51] [Server thread/INFO]: Arrow Despawn Rate: 1200
[16:40:51] [Server thread/INFO]: Allow Zombie Pigmen to spawn from portal blocks: true
[16:40:51] [Server thread/INFO]: Nerfing mobs spawned from spawners: false
[16:40:51] [Server thread/INFO]: Experience Merge Radius: 3.0
[16:40:51] [Server thread/INFO]: Entity Activation Range: An 32 / Mo 32 / Mi 16 / Tiv true
[16:40:51] [Server thread/INFO]: Entity Tracking Range: Pl 48 / An 48 / Mo 48 / Mi 32 / Other 64
[16:40:51] [Server thread/INFO]: Hopper Transfer: 8 Hopper Check: 1 Hopper Amount: 1
[16:40:51] [Server thread/INFO]: Random Lighting Updates: false
[16:40:51] [Server thread/INFO]: Structure Info Saving: true
[16:40:51] [Server thread/INFO]: Mob Spawn Range: 4
[16:40:51] [Server thread/INFO]: Cactus Growth Modifier: 100%
[16:40:51] [Server thread/INFO]: Cane Growth Modifier: 100%
[16:40:51] [Server thread/INFO]: Melon Growth Modifier: 100%
[16:40:51] [Server thread/INFO]: Mushroom Growth Modifier: 100%
[16:40:51] [Server thread/INFO]: Pumpkin Growth Modifier: 100%
[16:40:51] [Server thread/INFO]: Sapling Growth Modifier: 100%
[16:40:51] [Server thread/INFO]: Wheat Growth Modifier: 100%
[16:40:51] [Server thread/INFO]: NetherWart Growth Modifier: 100%
[16:40:51] [Server thread/INFO]: Vine Growth Modifier: 100%
[16:40:51] [Server thread/INFO]: Cocoa Growth Modifier: 100%
[16:40:51] [Server thread/INFO]: Tile Max Tick Time: 50ms Entity max Tick Time: 50ms
[16:40:51] [Server thread/INFO]: Max TNT Explosions: 100
[16:40:51] [Server thread/INFO]: View Distance: 10
[16:40:51] [Server thread/INFO]: Zombie Aggressive Towards Villager: true
[16:40:51] [Server thread/INFO]: Custom Map Seeds:  Village: 10387312 Feature: 14357617 Monument: 10387313 Slime: 987234911
[16:40:51] [Server thread/INFO]: -------- World Settings For [world_the_end] --------
[16:40:51] [Server thread/INFO]: Item Despawn Rate: 6000
[16:40:51] [Server thread/INFO]: Item Merge Radius: 2.5
[16:40:51] [Server thread/INFO]: Arrow Despawn Rate: 1200
[16:40:51] [Server thread/INFO]: Allow Zombie Pigmen to spawn from portal blocks: true
[16:40:51] [Server thread/INFO]: Nerfing mobs spawned from spawners: false
[16:40:51] [Server thread/INFO]: Experience Merge Radius: 3.0
[16:40:51] [Server thread/INFO]: Entity Activation Range: An 32 / Mo 32 / Mi 16 / Tiv true
[16:40:51] [Server thread/INFO]: Entity Tracking Range: Pl 48 / An 48 / Mo 48 / Mi 32 / Other 64
[16:40:51] [Server thread/INFO]: Hopper Transfer: 8 Hopper Check: 1 Hopper Amount: 1
[16:40:51] [Server thread/INFO]: Random Lighting Updates: false
[16:40:51] [Server thread/INFO]: Structure Info Saving: true
[16:40:51] [Server thread/INFO]: Mob Spawn Range: 4
[16:40:51] [Server thread/INFO]: Cactus Growth Modifier: 100%
[16:40:51] [Server thread/INFO]: Cane Growth Modifier: 100%
[16:40:51] [Server thread/INFO]: Melon Growth Modifier: 100%
[16:40:51] [Server thread/INFO]: Mushroom Growth Modifier: 100%
[16:40:51] [Server thread/INFO]: Pumpkin Growth Modifier: 100%
[16:40:51] [Server thread/INFO]: Sapling Growth Modifier: 100%
[16:40:51] [Server thread/INFO]: Wheat Growth Modifier: 100%
[16:40:51] [Server thread/INFO]: NetherWart Growth Modifier: 100%
[16:40:51] [Server thread/INFO]: Vine Growth Modifier: 100%
[16:40:51] [Server thread/INFO]: Cocoa Growth Modifier: 100%
[16:40:51] [Server thread/INFO]: Tile Max Tick Time: 50ms Entity max Tick Time: 50ms
[16:40:51] [Server thread/INFO]: Max TNT Explosions: 100
[16:40:51] [Server thread/INFO]: View Distance: 10
[16:40:51] [Server thread/INFO]: Zombie Aggressive Towards Villager: true
[16:40:51] [Server thread/INFO]: Custom Map Seeds:  Village: 10387312 Feature: 14357617 Monument: 10387313 Slime: 987234911
[16:40:52] [Server thread/INFO]: Preparing start region for level 0 (Seed: 3761567824652910585)
[16:40:53] [Server thread/INFO]: Preparing spawn area: 0%
[16:40:55] [Server thread/INFO]: Preparing spawn area: 0%
[16:40:56] [Server thread/INFO]: Preparing spawn area: 5%
[16:40:57] [Server thread/INFO]: Preparing spawn area: 16%
[16:40:59] [Server thread/INFO]: Preparing spawn area: 25%
[16:41:00] [Server thread/INFO]: Preparing spawn area: 31%
[16:41:01] [Server thread/INFO]: Preparing spawn area: 36%
[16:41:02] [Server thread/INFO]: Preparing spawn area: 41%
[16:41:03] [Server thread/INFO]: Preparing spawn area: 49%
[16:41:04] [Server thread/INFO]: Preparing spawn area: 57%
[16:41:05] [Server thread/INFO]: Preparing spawn area: 66%
[16:41:06] [Server thread/INFO]: Preparing spawn area: 80%
[16:41:07] [Server thread/INFO]: Preparing spawn area: 88%
[16:41:08] [Server thread/INFO]: Preparing start region for level 1 (Seed: 3761567824652910585)
[16:41:09] [Server thread/INFO]: Preparing spawn area: 32%
[16:41:10] [Server thread/INFO]: Preparing spawn area: 53%
[16:41:11] [Server thread/INFO]: Preparing spawn area: 64%
[16:41:12] [Server thread/INFO]: Preparing spawn area: 81%
[16:41:12] [Server thread/INFO]: Preparing start region for level 2 (Seed: 3761567824652910585)
[16:41:12] [Server thread/INFO]: Server permissions file permissions.yml is empty, ignoring it
[16:41:13] [Server thread/INFO]: Done (26,697s)! For help, type "help" or "?"
